mar. 04, 2025 7:02:51 PM liquibase.changelog
INFO: Reading resource: db/changelog/migrations/db.changelog-202503.sql
mar. 04, 2025 7:02:51 PM liquibase.changelog
INFO: Reading resource: db/changelog/migrations/db.changelog-20250304.sql
mar. 04, 2025 7:02:51 PM liquibase.changelog
INFO: Reading resource: db/changelog/migrations/db.changelog-2025030418.sql
mar. 04, 2025 7:02:51 PM liquibase.changelog
INFO: Reading resource: db/changelog/migrations/db.changelog-202503041847.sql
mar. 04, 2025 7:02:51 PM liquibase.changelog
INFO: Creating database history table with name: board.databasechangelog
mar. 04, 2025 7:02:52 PM liquibase.changelog
INFO: Reading from board.databasechangelog
mar. 04, 2025 7:02:52 PM liquibase.lockservice
INFO: Successfully acquired change log lock
mar. 04, 2025 7:02:52 PM liquibase.command
INFO: Using deploymentId: 1125772468
mar. 04, 2025 7:02:52 PM liquibase.changelog
INFO: Reading from board.databasechangelog
Running Changeset: db/changelog/migrations/db.changelog-202503.sql::202503::natalia
mar. 04, 2025 7:02:52 PM liquibase.changelog
SEVERE: ChangeSet db/changelog/migrations/db.changelog-202503.sql::202503::natalia encountered an exception.

UPDATE SUMMARY
Run:                          4
Previously run:               0
Filtered out:                 0
-------------------------------
Total change sets:            4

mar. 04, 2025 7:02:52 PM liquibase.util
INFO: UPDATE SUMMARY
mar. 04, 2025 7:02:52 PM liquibase.util
INFO: Run:                          4
mar. 04, 2025 7:02:52 PM liquibase.util
INFO: Previously run:               0
mar. 04, 2025 7:02:52 PM liquibase.util
INFO: Filtered out:                 0
mar. 04, 2025 7:02:52 PM liquibase.util
INFO: -------------------------------
mar. 04, 2025 7:02:52 PM liquibase.util
INFO: Total change sets:            4
mar. 04, 2025 7:02:52 PM liquibase.util
INFO: Update summary generated
mar. 04, 2025 7:02:52 PM liquibase.command
INFO: Update command encountered an exception.
mar. 04, 2025 7:02:52 PM liquibase.lockservice
INFO: Successfully released change log lock
mar. 04, 2025 7:02:52 PM liquibase.command
INFO: Logging exception.
ERROR: Exception Details
ERROR: Exception Primary Class:  SQLSyntaxErrorException
ERROR: Exception Primary Reason: Table 'boards' already exists
ERROR: Exception Primary Source: MySQL 8.0.41
mar. 04, 2025 7:02:52 PM liquibase.command
INFO: Command execution complete
